<?xml version="1.0" encoding="UTF-8"?>
<testsuites name="nextest-run" tests="1" skipped="0" failures="1" errors="0" uuid="9e2c3779-f6f9-475a-8b8c-46a004decf10" timestamp="2026-09-08T06:19:46.361+00:00" time="0.315">
    <testsuite name="m4-miri-alias" tests="1" skipped="0" errors="0" failures="1">
        <testcase name="invalidated_shared_reference_is_undefined_behavior" classname="m4-miri-alias" timestamp="2026-09-08T06:19:46.361+00:00" time="0.315">
            <failure type="test failure with exit code 1"/>
            <system-out></system-out>
            <system-err>{&quot;$message_type&quot;:&quot;diagnostic&quot;,&quot;message&quot;:&quot;Undefined Behavior: trying to retag from &lt;133425&gt; for SharedReadOnly permission at alloc43068[0x0], but that tag does not exist in the borrow stack for this location&quot;,&quot;code&quot;:null,&quot;level&quot;:&quot;error&quot;,&quot;spans&quot;:[{&quot;file_name&quot;:&quot;src/lib.rs&quot;,&quot;byte_start&quot;:232,&quot;byte_end&quot;:238,&quot;line_start&quot;:9,&quot;line_end&quot;:9,&quot;column_start&quot;:26,&quot;column_end&quot;:32,&quot;is_primary&quot;:true,&quot;text&quot;:[{&quot;text&quot;:&quot;    std::hint::black_box(shared);&quot;,&quot;highlight_start&quot;:26,&quot;highlight_end&quot;:32}],&quot;label&quot;:&quot;this error occurs as part of retag at alloc43068[0x0..0x4]&quot;,&quot;suggested_replacement&quot;:null,&quot;suggestion_applicability&quot;:null,&quot;expansion&quot;:null}],&quot;children&quot;:[{&quot;message&quot;:&quot;this indicates a potential bug in the program: it performed an invalid operation, but the Stacked Borrows rules it violated are still experimental&quot;,&quot;code&quot;:null,&quot;level&quot;:&quot;help&quot;,&quot;spans&quot;:[],&quot;children&quot;:[],&quot;rendered&quot;:null},{&quot;message&quot;:&quot;see https://github.com/rust-lang/unsafe-code-guidelines/blob/master/wip/stacked-borrows.md for further information&quot;,&quot;code&quot;:null,&quot;level&quot;:&quot;help&quot;,&quot;spans&quot;:[],&quot;children&quot;:[],&quot;rendered&quot;:null},{&quot;message&quot;:&quot;&lt;133425&gt; was created by a SharedReadOnly retag at offsets [0x0..0x4]&quot;,&quot;code&quot;:null,&quot;level&quot;:&quot;help&quot;,&quot;spans&quot;:[{&quot;file_name&quot;:&quot;src/lib.rs&quot;,&quot;byte_start&quot;:153,&quot;byte_end&quot;:162,&quot;line_start&quot;:5,&quot;line_end&quot;:5,&quot;column_start&quot;:27,&quot;column_end&quot;:36,&quot;is_primary&quot;:true,&quot;text&quot;:[{&quot;text&quot;:&quot;    let shared = unsafe { &amp;*pointer };&quot;,&quot;highlight_start&quot;:27,&quot;highlight_end&quot;:36}],&quot;label&quot;:null,&quot;suggested_replacement&quot;:null,&quot;suggestion_applicability&quot;:null,&quot;expansion&quot;:null}],&quot;children&quot;:[],&quot;rendered&quot;:null},{&quot;message&quot;:&quot;&lt;133425&gt; was later invalidated at offsets [0x0..0x4] by a write access&quot;,&quot;code&quot;:null,&quot;level&quot;:&quot;help&quot;,&quot;spans&quot;:[{&quot;file_name&quot;:&quot;src/lib.rs&quot;,&quot;byte_start&quot;:187,&quot;byte_end&quot;:199,&quot;line_start&quot;:7,&quot;line_end&quot;:7,&quot;column_start&quot;:9,&quot;column_end&quot;:21,&quot;is_primary&quot;:true,&quot;text&quot;:[{&quot;text&quot;:&quot;        *pointer = 1;&quot;,&quot;highlight_start&quot;:9,&quot;highlight_end&quot;:21}],&quot;label&quot;:null,&quot;suggested_replacement&quot;:null,&quot;suggestion_applicability&quot;:null,&quot;expansion&quot;:null}],&quot;children&quot;:[],&quot;rendered&quot;:null},{&quot;message&quot;:&quot;this is on thread `invalidated_sha`&quot;,&quot;code&quot;:null,&quot;level&quot;:&quot;note&quot;,&quot;spans&quot;:[],&quot;children&quot;:[],&quot;rendered&quot;:null}],&quot;rendered&quot;:&quot;error: Undefined Behavior: trying to retag from &lt;133425&gt; for SharedReadOnly permission at alloc43068[0x0], but that tag does not exist in the borrow stack for this location\n --&gt; src/lib.rs:9:26\n  |\n9 |     std::hint::black_box(shared);\n  |                          ^^^^^^ this error occurs as part of retag at alloc43068[0x0..0x4]\n  |\n  = help: this indicates a potential bug in the program: it performed an invalid operation, but the Stacked Borrows rules it violated are still experimental\n  = help: see https://github.com/rust-lang/unsafe-code-guidelines/blob/master/wip/stacked-borrows.md for further information\nhelp: &lt;133425&gt; was created by a SharedReadOnly retag at offsets [0x0..0x4]\n --&gt; src/lib.rs:5:27\n  |\n5 |     let shared = unsafe { &amp;*pointer };\n  |                           ^^^^^^^^^\nhelp: &lt;133425&gt; was later invalidated at offsets [0x0..0x4] by a write access\n --&gt; src/lib.rs:7:9\n  |\n7 |         *pointer = 1;\n  |         ^^^^^^^^^^^^\n  = note: this is on thread `invalidated_sha`\n\n&quot;}
{&quot;$message_type&quot;:&quot;diagnostic&quot;,&quot;message&quot;:&quot;aborting due to 1 previous error&quot;,&quot;code&quot;:null,&quot;level&quot;:&quot;error&quot;,&quot;spans&quot;:[],&quot;children&quot;:[],&quot;rendered&quot;:&quot;error: aborting due to 1 previous error\n\n&quot;}
</system-err>
        </testcase>
    </testsuite>
</testsuites>
