<?xml version="1.0" encoding="UTF-8"?>
<testsuites name="nextest-run" tests="1" skipped="0" failures="1" errors="0" uuid="382a4092-0446-4027-93e2-bf5c222ded82" timestamp="2026-09-08T06:18:17.063+00:00" time="60.016">
    <testsuite name="runner_timeout" tests="1" skipped="0" errors="0" failures="1">
        <testcase name="exceeds_test_budget" classname="runner_timeout" timestamp="2026-09-08T06:18:17.063+00:00" time="60.016">
            <failure type="test timeout"/>
            <system-out></system-out>
            <system-err></system-err>
        </testcase>
    </testsuite>
</testsuites>
