<?xml version="1.0" encoding="UTF-8"?>
<testsuites name="nextest-run" tests="1" skipped="0" failures="1" errors="0" uuid="a8b3ac76-ba8f-4bdd-8fd1-81e1d0dd7bc4" timestamp="2026-09-08T03:16:30.201+00:00" time="0.367">
    <testsuite name="m4-miri-uninit" tests="1" skipped="0" errors="0" failures="1">
        <testcase name="uninitialized_integer_is_undefined_behavior" classname="m4-miri-uninit" timestamp="2026-09-08T03:16:30.201+00:00" time="0.367">
            <failure type="test failure with exit code 1"/>
            <system-out></system-out>
            <system-err>{&quot;$message_type&quot;:&quot;diagnostic&quot;,&quot;message&quot;:&quot;Undefined Behavior: constructing invalid value of type u32: encountered uninitialized memory, but expected an integer&quot;,&quot;code&quot;:null,&quot;level&quot;:&quot;error&quot;,&quot;spans&quot;:[{&quot;file_name&quot;:&quot;src/lib.rs&quot;,&quot;byte_start&quot;:108,&quot;byte_end&quot;:160,&quot;line_start&quot;:4,&quot;line_end&quot;:4,&quot;column_start&quot;:26,&quot;column_end&quot;:78,&quot;is_primary&quot;:true,&quot;text&quot;:[{&quot;text&quot;:&quot;    let value = unsafe { std::mem::MaybeUninit::&lt;u32&gt;::uninit().assume_init() };&quot;,&quot;highlight_start&quot;:26,&quot;highlight_end&quot;:78}],&quot;label&quot;:&quot;Undefined Behavior occurred here&quot;,&quot;suggested_replacement&quot;:null,&quot;suggestion_applicability&quot;:null,&quot;expansion&quot;:null}],&quot;children&quot;:[{&quot;message&quot;:&quot;this indicates a bug in the program: it performed an invalid operation, and caused Undefined Behavior&quot;,&quot;code&quot;:null,&quot;level&quot;:&quot;help&quot;,&quot;spans&quot;:[],&quot;children&quot;:[],&quot;rendered&quot;:null},{&quot;message&quot;:&quot;see https://doc.rust-lang.org/nightly/reference/behavior-considered-undefined.html for further information&quot;,&quot;code&quot;:null,&quot;level&quot;:&quot;help&quot;,&quot;spans&quot;:[],&quot;children&quot;:[],&quot;rendered&quot;:null},{&quot;message&quot;:&quot;this is on thread `uninitialized_i`&quot;,&quot;code&quot;:null,&quot;level&quot;:&quot;note&quot;,&quot;spans&quot;:[],&quot;children&quot;:[],&quot;rendered&quot;:null}],&quot;rendered&quot;:&quot;error: Undefined Behavior: constructing invalid value of type u32: encountered uninitialized memory, but expected an integer\n --&gt; src/lib.rs:4:26\n  |\n4 |     let value = unsafe { std::mem::MaybeUninit::&lt;u32&gt;::uninit().assume_init() };\n  |                          ^^^^^^^^^^^^^^^^^^^^^^^^^^^^^^^^^^^^^^^^^^^^^^^^^^^^ Undefined Behavior occurred here\n  |\n  = help: this indicates a bug in the program: it performed an invalid operation, and caused Undefined Behavior\n  = help: see https://doc.rust-lang.org/nightly/reference/behavior-considered-undefined.html for further information\n  = note: this is on thread `uninitialized_i`\n\n&quot;}
{&quot;$message_type&quot;:&quot;diagnostic&quot;,&quot;message&quot;:&quot;aborting due to 1 previous error&quot;,&quot;code&quot;:null,&quot;level&quot;:&quot;error&quot;,&quot;spans&quot;:[],&quot;children&quot;:[],&quot;rendered&quot;:&quot;error: aborting due to 1 previous error\n\n&quot;}
</system-err>
        </testcase>
    </testsuite>
</testsuites>
