<?xml version="1.0" encoding="UTF-8"?>
<testsuites name="nextest-run" tests="1" skipped="0" failures="1" errors="0" uuid="58e05211-f001-4e92-91b9-d3c71752c8e4" timestamp="2026-09-08T01:25:22.973+00:00" time="0.360">
    <testsuite name="m4-miri-ffi" tests="1" skipped="0" errors="0" failures="1">
        <testcase name="unknown_ffi_is_unsupported" classname="m4-miri-ffi" timestamp="2026-09-08T01:25:22.973+00:00" time="0.359">
            <failure type="test failure with exit code 1"/>
            <system-out></system-out>
            <system-err>{&quot;$message_type&quot;:&quot;diagnostic&quot;,&quot;message&quot;:&quot;unsupported operation: can&apos;t call foreign function `m4_miri_deliberately_missing_foreign_function` on OS `linux`&quot;,&quot;code&quot;:null,&quot;level&quot;:&quot;error&quot;,&quot;spans&quot;:[{&quot;file_name&quot;:&quot;src/lib.rs&quot;,&quot;byte_start&quot;:216,&quot;byte_end&quot;:242,&quot;line_start&quot;:9,&quot;line_end&quot;:9,&quot;column_start&quot;:30,&quot;column_end&quot;:56,&quot;is_primary&quot;:true,&quot;text&quot;:[{&quot;text&quot;:&quot;        std::hint::black_box(missing_foreign_function());&quot;,&quot;highlight_start&quot;:30,&quot;highlight_end&quot;:56}],&quot;label&quot;:&quot;unsupported operation occurred here&quot;,&quot;suggested_replacement&quot;:null,&quot;suggestion_applicability&quot;:null,&quot;expansion&quot;:null}],&quot;children&quot;:[{&quot;message&quot;:&quot;this means the program tried to do something Miri does not support; it does not indicate a bug in the program&quot;,&quot;code&quot;:null,&quot;level&quot;:&quot;help&quot;,&quot;spans&quot;:[],&quot;children&quot;:[],&quot;rendered&quot;:null},{&quot;message&quot;:&quot;this is on thread `unknown_ffi_is_`&quot;,&quot;code&quot;:null,&quot;level&quot;:&quot;note&quot;,&quot;spans&quot;:[],&quot;children&quot;:[],&quot;rendered&quot;:null}],&quot;rendered&quot;:&quot;error: unsupported operation: can&apos;t call foreign function `m4_miri_deliberately_missing_foreign_function` on OS `linux`\n --&gt; src/lib.rs:9:30\n  |\n9 |         std::hint::black_box(missing_foreign_function());\n  |                              ^^^^^^^^^^^^^^^^^^^^^^^^^^ unsupported operation occurred here\n  |\n  = help: this means the program tried to do something Miri does not support; it does not indicate a bug in the program\n  = note: this is on thread `unknown_ffi_is_`\n\n&quot;}
{&quot;$message_type&quot;:&quot;diagnostic&quot;,&quot;message&quot;:&quot;aborting due to 1 previous error&quot;,&quot;code&quot;:null,&quot;level&quot;:&quot;error&quot;,&quot;spans&quot;:[],&quot;children&quot;:[],&quot;rendered&quot;:&quot;error: aborting due to 1 previous error\n\n&quot;}
</system-err>
        </testcase>
    </testsuite>
</testsuites>
