<?xml version="1.0" encoding="UTF-8"?>
<testsuites name="nextest-run" tests="1" skipped="0" failures="1" errors="0" uuid="b850ae02-0554-4076-92a0-27a3e7bf9672" timestamp="2026-09-08T01:25:21.587+00:00" time="0.369">
    <testsuite name="m4-miri-race" tests="1" skipped="0" errors="0" failures="1">
        <testcase name="unordered_thread_writes_are_a_data_race" classname="m4-miri-race" timestamp="2026-09-08T01:25:21.587+00:00" time="0.368">
            <failure type="test failure with exit code 1"/>
            <system-out></system-out>
            <system-err>{&quot;$message_type&quot;:&quot;diagnostic&quot;,&quot;message&quot;:&quot;Undefined Behavior: Data race detected between (1) non-atomic write on thread `unnamed-3` and (2) non-atomic write on thread `unnamed-2` at alloc1&quot;,&quot;code&quot;:null,&quot;level&quot;:&quot;error&quot;,&quot;spans&quot;:[{&quot;file_name&quot;:&quot;src/lib.rs&quot;,&quot;byte_start&quot;:503,&quot;byte_end&quot;:525,&quot;line_start&quot;:19,&quot;line_end&quot;:19,&quot;column_start&quot;:17,&quot;column_end&quot;:39,&quot;is_primary&quot;:true,&quot;text&quot;:[{&quot;text&quot;:&quot;                *VALUE.0.get() = value;&quot;,&quot;highlight_start&quot;:17,&quot;highlight_end&quot;:39}],&quot;label&quot;:&quot;(2) just happened here&quot;,&quot;suggested_replacement&quot;:null,&quot;suggestion_applicability&quot;:null,&quot;expansion&quot;:null}],&quot;children&quot;:[{&quot;message&quot;:&quot;and (1) occurred earlier here&quot;,&quot;code&quot;:null,&quot;level&quot;:&quot;help&quot;,&quot;spans&quot;:[{&quot;file_name&quot;:&quot;src/lib.rs&quot;,&quot;byte_start&quot;:503,&quot;byte_end&quot;:525,&quot;line_start&quot;:19,&quot;line_end&quot;:19,&quot;column_start&quot;:17,&quot;column_end&quot;:39,&quot;is_primary&quot;:true,&quot;text&quot;:[{&quot;text&quot;:&quot;                *VALUE.0.get() = value;&quot;,&quot;highlight_start&quot;:17,&quot;highlight_end&quot;:39}],&quot;label&quot;:null,&quot;suggested_replacement&quot;:null,&quot;suggestion_applicability&quot;:null,&quot;expansion&quot;:null}],&quot;children&quot;:[],&quot;rendered&quot;:null},{&quot;message&quot;:&quot;this indicates a bug in the program: it performed an invalid operation, and caused Undefined Behavior&quot;,&quot;code&quot;:null,&quot;level&quot;:&quot;help&quot;,&quot;spans&quot;:[],&quot;children&quot;:[],&quot;rendered&quot;:null},{&quot;message&quot;:&quot;see https://doc.rust-lang.org/nightly/reference/behavior-considered-undefined.html for further information&quot;,&quot;code&quot;:null,&quot;level&quot;:&quot;help&quot;,&quot;spans&quot;:[],&quot;children&quot;:[],&quot;rendered&quot;:null},{&quot;message&quot;:&quot;this is on thread `unnamed-2`&quot;,&quot;code&quot;:null,&quot;level&quot;:&quot;note&quot;,&quot;spans&quot;:[],&quot;children&quot;:[],&quot;rendered&quot;:null},{&quot;message&quot;:&quot;the current function got called indirectly due to this code&quot;,&quot;code&quot;:null,&quot;level&quot;:&quot;note&quot;,&quot;spans&quot;:[{&quot;file_name&quot;:&quot;src/lib.rs&quot;,&quot;byte_start&quot;:409,&quot;byte_end&quot;:551,&quot;line_start&quot;:16,&quot;line_end&quot;:21,&quot;column_start&quot;:22,&quot;column_end&quot;:11,&quot;is_primary&quot;:true,&quot;text&quot;:[{&quot;text&quot;:&quot;        threads.push(std::thread::spawn(move || {&quot;,&quot;highlight_start&quot;:22,&quot;highlight_end&quot;:50},{&quot;text&quot;:&quot;            barrier.wait();&quot;,&quot;highlight_start&quot;:1,&quot;highlight_end&quot;:28},{&quot;text&quot;:&quot;            unsafe {&quot;,&quot;highlight_start&quot;:1,&quot;highlight_end&quot;:21},{&quot;text&quot;:&quot;                *VALUE.0.get() = value;&quot;,&quot;highlight_start&quot;:1,&quot;highlight_end&quot;:40},{&quot;text&quot;:&quot;            }&quot;,&quot;highlight_start&quot;:1,&quot;highlight_end&quot;:14},{&quot;text&quot;:&quot;        }));&quot;,&quot;highlight_start&quot;:1,&quot;highlight_end&quot;:11}],&quot;label&quot;:null,&quot;suggested_replacement&quot;:null,&quot;suggestion_applicability&quot;:null,&quot;expansion&quot;:null}],&quot;children&quot;:[],&quot;rendered&quot;:null}],&quot;rendered&quot;:&quot;error: Undefined Behavior: Data race detected between (1) non-atomic write on thread `unnamed-3` and (2) non-atomic write on thread `unnamed-2` at alloc1\n  --&gt; src/lib.rs:19:17\n   |\n19 |                 *VALUE.0.get() = value;\n   |                 ^^^^^^^^^^^^^^^^^^^^^^ (2) just happened here\n   |\nhelp: and (1) occurred earlier here\n  --&gt; src/lib.rs:19:17\n   |\n19 |                 *VALUE.0.get() = value;\n   |                 ^^^^^^^^^^^^^^^^^^^^^^\n   = help: this indicates a bug in the program: it performed an invalid operation, and caused Undefined Behavior\n   = help: see https://doc.rust-lang.org/nightly/reference/behavior-considered-undefined.html for further information\n   = note: this is on thread `unnamed-2`\nnote: the current function got called indirectly due to this code\n  --&gt; src/lib.rs:16:22\n   |\n16 |           threads.push(std::thread::spawn(move || {\n   |  ______________________^\n17 | |             barrier.wait();\n18 | |             unsafe {\n19 | |                 *VALUE.0.get() = value;\n20 | |             }\n21 | |         }));\n   | |__________^\n\n&quot;}
{&quot;$message_type&quot;:&quot;diagnostic&quot;,&quot;message&quot;:&quot;aborting due to 1 previous error&quot;,&quot;code&quot;:null,&quot;level&quot;:&quot;error&quot;,&quot;spans&quot;:[],&quot;children&quot;:[],&quot;rendered&quot;:&quot;error: aborting due to 1 previous error\n\n&quot;}
</system-err>
        </testcase>
    </testsuite>
</testsuites>
