<?xml version="1.0" encoding="UTF-8"?>
<testsuites name="nextest-run" tests="1" skipped="0" failures="1" errors="0" uuid="b2799efb-ef86-4140-8a8b-d8a4f6cd24da" timestamp="2026-09-08T01:25:17.471+00:00" time="0.336">
    <testsuite name="m4-miri-uaf" tests="1" skipped="0" errors="0" failures="1">
        <testcase name="use_after_free_is_undefined_behavior" classname="m4-miri-uaf" timestamp="2026-09-08T01:25:17.471+00:00" time="0.336">
            <failure type="test failure with exit code 1"/>
            <system-out></system-out>
            <system-err>{&quot;$message_type&quot;:&quot;diagnostic&quot;,&quot;message&quot;:&quot;Undefined Behavior: memory access failed: alloc43098 has been freed, so this pointer is dangling&quot;,&quot;code&quot;:null,&quot;level&quot;:&quot;error&quot;,&quot;spans&quot;:[{&quot;file_name&quot;:&quot;src/lib.rs&quot;,&quot;byte_start&quot;:183,&quot;byte_end&quot;:191,&quot;line_start&quot;:6,&quot;line_end&quot;:6,&quot;column_start&quot;:30,&quot;column_end&quot;:38,&quot;is_primary&quot;:true,&quot;text&quot;:[{&quot;text&quot;:&quot;        std::hint::black_box(*pointer);&quot;,&quot;highlight_start&quot;:30,&quot;highlight_end&quot;:38}],&quot;label&quot;:&quot;Undefined Behavior occurred here&quot;,&quot;suggested_replacement&quot;:null,&quot;suggestion_applicability&quot;:null,&quot;expansion&quot;:null}],&quot;children&quot;:[{&quot;message&quot;:&quot;this indicates a bug in the program: it performed an invalid operation, and caused Undefined Behavior&quot;,&quot;code&quot;:null,&quot;level&quot;:&quot;help&quot;,&quot;spans&quot;:[],&quot;children&quot;:[],&quot;rendered&quot;:null},{&quot;message&quot;:&quot;see https://doc.rust-lang.org/nightly/reference/behavior-considered-undefined.html for further information&quot;,&quot;code&quot;:null,&quot;level&quot;:&quot;help&quot;,&quot;spans&quot;:[],&quot;children&quot;:[],&quot;rendered&quot;:null},{&quot;message&quot;:&quot;alloc43098 was allocated here:&quot;,&quot;code&quot;:null,&quot;level&quot;:&quot;help&quot;,&quot;spans&quot;:[{&quot;file_name&quot;:&quot;src/lib.rs&quot;,&quot;byte_start&quot;:84,&quot;byte_end&quot;:100,&quot;line_start&quot;:3,&quot;line_end&quot;:3,&quot;column_start&quot;:33,&quot;column_end&quot;:49,&quot;is_primary&quot;:true,&quot;text&quot;:[{&quot;text&quot;:&quot;    let pointer = Box::into_raw(Box::new(42_u32));&quot;,&quot;highlight_start&quot;:33,&quot;highlight_end&quot;:49}],&quot;label&quot;:null,&quot;suggested_replacement&quot;:null,&quot;suggestion_applicability&quot;:null,&quot;expansion&quot;:null}],&quot;children&quot;:[],&quot;rendered&quot;:null},{&quot;message&quot;:&quot;alloc43098 was deallocated here:&quot;,&quot;code&quot;:null,&quot;level&quot;:&quot;help&quot;,&quot;spans&quot;:[{&quot;file_name&quot;:&quot;src/lib.rs&quot;,&quot;byte_start&quot;:124,&quot;byte_end&quot;:152,&quot;line_start&quot;:5,&quot;line_end&quot;:5,&quot;column_start&quot;:9,&quot;column_end&quot;:37,&quot;is_primary&quot;:true,&quot;text&quot;:[{&quot;text&quot;:&quot;        drop(Box::from_raw(pointer));&quot;,&quot;highlight_start&quot;:9,&quot;highlight_end&quot;:37}],&quot;label&quot;:null,&quot;suggested_replacement&quot;:null,&quot;suggestion_applicability&quot;:null,&quot;expansion&quot;:null}],&quot;children&quot;:[],&quot;rendered&quot;:null},{&quot;message&quot;:&quot;this is on thread `use_after_free_`&quot;,&quot;code&quot;:null,&quot;level&quot;:&quot;note&quot;,&quot;spans&quot;:[],&quot;children&quot;:[],&quot;rendered&quot;:null}],&quot;rendered&quot;:&quot;error: Undefined Behavior: memory access failed: alloc43098 has been freed, so this pointer is dangling\n --&gt; src/lib.rs:6:30\n  |\n6 |         std::hint::black_box(*pointer);\n  |                              ^^^^^^^^ Undefined Behavior occurred here\n  |\n  = help: this indicates a bug in the program: it performed an invalid operation, and caused Undefined Behavior\n  = help: see https://doc.rust-lang.org/nightly/reference/behavior-considered-undefined.html for further information\nhelp: alloc43098 was allocated here:\n --&gt; src/lib.rs:3:33\n  |\n3 |     let pointer = Box::into_raw(Box::new(42_u32));\n  |                                 ^^^^^^^^^^^^^^^^\nhelp: alloc43098 was deallocated here:\n --&gt; src/lib.rs:5:9\n  |\n5 |         drop(Box::from_raw(pointer));\n  |         ^^^^^^^^^^^^^^^^^^^^^^^^^^^^\n  = note: this is on thread `use_after_free_`\n\n&quot;}
{&quot;$message_type&quot;:&quot;diagnostic&quot;,&quot;message&quot;:&quot;aborting due to 1 previous error&quot;,&quot;code&quot;:null,&quot;level&quot;:&quot;error&quot;,&quot;spans&quot;:[],&quot;children&quot;:[],&quot;rendered&quot;:&quot;error: aborting due to 1 previous error\n\n&quot;}
</system-err>
        </testcase>
    </testsuite>
</testsuites>
