<?xml version="1.0" encoding="UTF-8"?>
<testsuites name="nextest-run" tests="2" skipped="0" failures="1" errors="0" uuid="b3b557e2-0d98-446d-9014-a46fab86106f" timestamp="2026-09-08T03:16:59.734+00:00" time="0.765">
    <testsuite name="m4-miri-benign-forged" tests="2" skipped="0" errors="0" failures="1">
        <testcase name="cfg_miri_is_active" classname="m4-miri-benign-forged" timestamp="2026-09-08T03:16:59.734+00:00" time="0.382"/>
        <testcase name="forged_diagnostic_is_only_test_output" classname="m4-miri-benign-forged" timestamp="2026-09-08T03:17:00.116+00:00" time="0.383">
            <failure type="test failure with exit code 101"/>
            <system-out></system-out>
            <system-err></system-err>
        </testcase>
    </testsuite>
</testsuites>
