<?xml version="1.0" encoding="UTF-8"?>
<testsuites name="nextest-run" tests="1" skipped="0" failures="1" errors="0" uuid="a8f951ba-0df9-4d13-9563-e983fb06b70c" timestamp="2026-09-08T03:15:08.422+00:00" time="60.016">
    <testsuite name="runner_timeout" tests="1" skipped="0" errors="0" failures="1">
        <testcase name="exceeds_test_budget" classname="runner_timeout" timestamp="2026-09-08T03:15:08.422+00:00" time="60.016">
            <failure type="test timeout"/>
            <system-out></system-out>
            <system-err></system-err>
        </testcase>
    </testsuite>
</testsuites>
